<?xml version="1.0" encoding="UTF-8"?>
<!-- Generated by org.testng.reporters.JUnitReportReporter -->
<testsuite skipped="0" hostname="ch156" name="com.internal.testing.internal_testing.AppTest" tests="1" failures="0" timestamp="23 квіт. 2018 15:08:19 GMT" time="2.680" errors="0">
  <testcase name="testEasy" time="2.680" classname="com.internal.testing.internal_testing.AppTest"/>
</testsuite> <!-- com.internal.testing.internal_testing.AppTest -->
